<?xml version="1.0" encoding="UTF-8"?>
<testng-results ignored="0" total="1" passed="0" failed="1" skipped="0">
  <reporter-output>
  </reporter-output>
  <suite started-at="2022-11-10T10:38:02 PST" name="Default suite" finished-at="2022-11-10T10:38:30 PST" duration-ms="27896">
    <groups>
    </groups>
    <test started-at="2022-11-10T10:38:02 PST" name="Default test" finished-at="2022-11-10T10:38:30 PST" duration-ms="27896">
      <class name="taskTest.CreateCustomerTest">
        <test-method is-config="true" signature="bsConfig()[pri:0, instance:taskTest.CreateCustomerTest@20ce78ec]" started-at="2022-11-10T10:38:02 PST" name="bsConfig" finished-at="2022-11-10T10:38:02 PST" duration-ms="12" status="PASS">
          <reporter-output>
          </reporter-output>
        </test-method> <!-- bsConfig -->
        <test-method is-config="true" signature="bcConfig()[pri:0, instance:taskTest.CreateCustomerTest@20ce78ec]" started-at="2022-11-10T10:38:02 PST" name="bcConfig" finished-at="2022-11-10T10:38:21 PST" duration-ms="18765" status="PASS">
          <reporter-output>
          </reporter-output>
        </test-method> <!-- bcConfig -->
        <test-method is-config="true" signature="bmConfig()[pri:0, instance:taskTest.CreateCustomerTest@20ce78ec]" started-at="2022-11-10T10:38:21 PST" name="bmConfig" finished-at="2022-11-10T10:38:21 PST" duration-ms="384" status="PASS">
          <reporter-output>
          </reporter-output>
        </test-method> <!-- bmConfig -->
        <test-method signature="createCustomerAndVerifyCustomerNameTest()[pri:0, instance:taskTest.CreateCustomerTest@20ce78ec]" started-at="2022-11-10T10:38:21 PST" name="createCustomerAndVerifyCustomerNameTest" finished-at="2022-11-10T10:38:21 PST" duration-ms="58" status="FAIL">
          <exception class="java.io.IOException">
            <message>
              <![CDATA[org.apache.poi.xssf.usermodel.XSSFWorkbookFactory not found - check if poi-ooxml-*.jar is on the classpath.]]>
            </message>
            <full-stacktrace>
              <![CDATA[java.io.IOException: org.apache.poi.xssf.usermodel.XSSFWorkbookFactory not found - check if poi-ooxml-*.jar is on the classpath.
at org.apache.poi.ss.usermodel.WorkbookFactory.initFactory(WorkbookFactory.java:351)
at org.apache.poi.ss.usermodel.WorkbookFactory.initXssf(WorkbookFactory.java:336)
at org.apache.poi.ss.usermodel.WorkbookFactory.create(WorkbookFactory.java:255)
at org.apache.poi.ss.usermodel.WorkbookFactory.create(WorkbookFactory.java:221)
at genericUtility.ExcelUtility.fetchDataFromExcelSheet(ExcelUtility.java:16)
at taskTest.CreateCustomerTest.createCustomerAndVerifyCustomerNameTest(CreateCustomerTest.java:19)
at java.base/jdk.internal.reflect.DirectMethodHandleAccessor.invoke(DirectMethodHandleAccessor.java:104)
at java.base/java.lang.reflect.Method.invoke(Method.java:577)
at org.testng.internal.MethodInvocationHelper.invokeMethod(MethodInvocationHelper.java:133)
at org.testng.internal.TestInvoker.invokeMethod(TestInvoker.java:598)
at org.testng.internal.TestInvoker.invokeTestMethod(TestInvoker.java:173)
at org.testng.internal.MethodRunner.runInSequence(MethodRunner.java:46)
at org.testng.internal.TestInvoker$MethodInvocationAgent.invoke(TestInvoker.java:824)
at org.testng.internal.TestInvoker.invokeTestMethods(TestInvoker.java:146)
at org.testng.internal.TestMethodWorker.invokeTestMethods(TestMethodWorker.java:146)
at org.testng.internal.TestMethodWorker.run(TestMethodWorker.java:128)
at java.base/java.util.ArrayList.forEach(ArrayList.java:1511)
at org.testng.TestRunner.privateRun(TestRunner.java:794)
at org.testng.TestRunner.run(TestRunner.java:596)
at org.testng.SuiteRunner.runTest(SuiteRunner.java:377)
at org.testng.SuiteRunner.runSequentially(SuiteRunner.java:371)
at org.testng.SuiteRunner.privateRun(SuiteRunner.java:332)
at org.testng.SuiteRunner.run(SuiteRunner.java:276)
at org.testng.SuiteRunnerWorker.runSuite(SuiteRunnerWorker.java:53)
at org.testng.SuiteRunnerWorker.run(SuiteRunnerWorker.java:96)
at org.testng.TestNG.runSuitesSequentially(TestNG.java:1212)
at org.testng.TestNG.runSuitesLocally(TestNG.java:1134)
at org.testng.TestNG.runSuites(TestNG.java:1063)
at org.testng.TestNG.run(TestNG.java:1031)
at org.testng.remote.AbstractRemoteTestNG.run(AbstractRemoteTestNG.java:115)
at org.testng.remote.RemoteTestNG.initAndRun(RemoteTestNG.java:251)
at org.testng.remote.RemoteTestNG.main(RemoteTestNG.java:77)
]]>
            </full-stacktrace>
          </exception> <!-- java.io.IOException -->
          <reporter-output>
          </reporter-output>
        </test-method> <!-- createCustomerAndVerifyCustomerNameTest -->
        <test-method is-config="true" signature="amConfig()[pri:0, instance:taskTest.CreateCustomerTest@20ce78ec]" started-at="2022-11-10T10:38:21 PST" name="amConfig" finished-at="2022-11-10T10:38:29 PST" duration-ms="7777" status="PASS">
          <reporter-output>
          </reporter-output>
        </test-method> <!-- amConfig -->
        <test-method is-config="true" signature="acConfig()[pri:0, instance:taskTest.CreateCustomerTest@20ce78ec]" started-at="2022-11-10T10:38:29 PST" name="acConfig" finished-at="2022-11-10T10:38:30 PST" duration-ms="851" status="PASS">
          <reporter-output>
          </reporter-output>
        </test-method> <!-- acConfig -->
        <test-method is-config="true" signature="asConfig()[pri:0, instance:taskTest.CreateCustomerTest@20ce78ec]" started-at="2022-11-10T10:38:30 PST" name="asConfig" finished-at="2022-11-10T10:38:30 PST" duration-ms="1" status="PASS">
          <reporter-output>
          </reporter-output>
        </test-method> <!-- asConfig -->
      </class> <!-- taskTest.CreateCustomerTest -->
    </test> <!-- Default test -->
  </suite> <!-- Default suite -->
</testng-results>
